MPASM 5.87                          MAIN.ASM   12-7-2024  22:12:03         PAGE  1


LOC  OBJECT CODE     LINE SOURCE TEXT
  VALUE

                      00001 ; TODO INSERT CONFIG CODE HERE USING CONFIG BITS GENERATOR
                      00002 #include "p16f887.inc"
                      00001         LIST
                      00002 
                      00003 ;==========================================================================
                      00004 ; Build date : Jan 06 2020
                      00005 ;  MPASM PIC16F887 processor include
                      00006 ; 
                      00007 ;  (c) Copyright 1999-2020 Microchip Technology, All rights reserved
                      00008 ;==========================================================================
                      00009 
                      00810         LIST
                      00003 ; CONFIG1
                      00004 ; __config 0x27C4
2007   27C4           00005  __CONFIG _CONFIG1, _FOSC_INTRC_NOCLKOUT & _WDTE_OFF & _PWRTE_ON & _MCLRE_OFF & _CP_OFF & _CPD_OFF & _BO
                            REN_ON & _IESO_ON & _FCMEN_OFF & _LVP_OFF
                      00006 ; CONFIG2
                      00007 ; __config 0x3FFF
2008   3FFF           00008  __CONFIG _CONFIG2, _BOR4V_BOR40V & _WRT_OFF
                      00009     
                      00010   ;レジスタ定義
                      00011     CBLOCK      0x20
  00000020            00012         w_tmp       ;割り込みハンドラ用
  00000021            00013         status_tmp  ;割り込みハンドラ用
                      00014         
  00000022            00015         tmp_xor     ;XOR退避用
                      00016         
  00000023            00017         inp_num     ;入力した数字
                      00018         
  00000024            00019         inp_func    ;入力したファンクションキー
                      00020         
  00000025            00021         num_count   ;入力判定用カウンタ
                      00022         
  00000026            00023         old_a       ;一周前の入力情報
  00000027            00024         old_b
  00000028            00025         old_c
  00000029            00026         old_d
  0000002A            00027         old_e
                      00028         
  0000002B            00029         now_a       ;今の入力情報
  0000002C            00030         now_b
  0000002D            00031         now_c
  0000002E            00032         now_d
  0000002F            00033         now_e
                      00034     
                      00035     ENDC
                      00036  
                      00037  
                      00038 RES_VECT  CODE    0x0000            ; processor reset vector
0000   2???           00039     GOTO    START                   ; go to beginning of program
                      00040 
                      00041 ; TODO ADD INTERRUPTS HERE IF USED
                      00042 
MPASM 5.87                          MAIN.ASM   12-7-2024  22:12:03         PAGE  2


LOC  OBJECT CODE     LINE SOURCE TEXT
  VALUE

                      00043 MAIN_PROG CODE                      ; let linker place main program
                      00044 
0000                  00045 START
                      00046 
                      00047    
                      00048     
                      00049     
0000                  00050 setup:
                      00051     
                      00052     
0000   1683 1703      00053     banksel ANSEL
Message[302]: Register in operand not in bank 0.  Ensure that bank bits are correct.
0002   0188           00054     CLRF    ANSEL           ;すべてデジタル
Message[302]: Register in operand not in bank 0.  Ensure that bank bits are correct.
0003   0189           00055     CLRF    ANSELH          ;8～13も同様に
                      00056     
0004   018B           00057     CLRF    INTCON          ;割り込み禁止
                      00058     
0005   1683 1303      00059     banksel OSCCON
0007   3074           00060     MOVLW   B'01110100'
Message[302]: Register in operand not in bank 0.  Ensure that bank bits are correct.
0008   008F           00061     MOVWF   OSCCON          ;内部クロックで8Mhzに設計
                      00062     
0009   1683 1303      00063     banksel TRISA
000B   303F           00064     MOVLW   b'00111111'     ;RA0～RA5まで入力
Message[302]: Register in operand not in bank 0.  Ensure that bank bits are correct.
000C   0085           00065     MOVWF   TRISA
000D   30FF           00066     MOVLW   0xFF            ;すべて入力
Message[302]: Register in operand not in bank 0.  Ensure that bank bits are correct.
000E   0086           00067     MOVWF   TRISB
000F   3080           00068     MOVLW   b'10000000'     ;RX（RC7）のみ入力設定
Message[302]: Register in operand not in bank 0.  Ensure that bank bits are correct.
0010   0087           00069     MOVWF   TRISC
0011   30FF           00070     MOVLW   0xFF            ;すべて入力
Message[302]: Register in operand not in bank 0.  Ensure that bank bits are correct.
0012   0088           00071     MOVWF   TRISD
0013   3003           00072     MOVLW   b'00000011'     ;RE0とRE1のみ入力
Message[302]: Register in operand not in bank 0.  Ensure that bank bits are correct.
0014   0089           00073     MOVWF   TRISE
                      00074     
0015   1283 1303      00075     banksel PORTA
0017   0185           00076     CLRF    PORTA           ;ポートの初期化
0018   0186           00077     CLRF    PORTB
0019   0187           00078     CLRF    PORTC
001A   0188           00079     CLRF    PORTD
001B   0189           00080     CLRF    PORTE       
                      00081     
001C   1683 1303      00082     banksel TXSTA
001E   3024           00083     MOVLW   b'00100100'
Message[302]: Register in operand not in bank 0.  Ensure that bank bits are correct.
001F   0098           00084     MOVWF   TXSTA           ;非同期モード　8ビット　パリティなし
0020   1283 1303      00085     banksel RCSTA
0022   3090           00086     MOVLW   b'10010000'    
MPASM 5.87                          MAIN.ASM   12-7-2024  22:12:03         PAGE  3


LOC  OBJECT CODE     LINE SOURCE TEXT
  VALUE

0023   0098           00087     MOVWF   RCSTA   ;受信情報設定
                      00088     
0024   1683 1303      00089     banksel SPBRG
0026   3033           00090     MOVLW   D'51'           ;9600ボー
Message[302]: Register in operand not in bank 0.  Ensure that bank bits are correct.
0027   0099           00091     MOVWF   SPBRG           
                      00092     
0028   1283           00093     BCF     STATUS,RP0
0029   1303           00094     BCF     STATUS,RP1
                      00095     
002A   0806           00096     MOVF    PORTB,w         ;0～7までのスイッチの入力を取ってくる
002B   00AC           00097     MOVWF   now_b
002C   00A7           00098     MOVWF   old_b
                      00099 
002D   0808           00100     MOVFW   PORTD           ;8～Fまでのスイッチの入力を取ってくる
002E   00AE           00101     MOVWF   now_d
002F   00A9           00102     MOVWF   old_d
                      00103     
0030                  00104 main_loop:
                      00105     
0030   2???           00106     CALL    check_b
0031   2???           00107     CALL    check_d
                      00108     
                      00109     
0032   2???           00110     CALL    mov_old
                      00111     
0033   2???           00112     GOTO    main_loop
                      00113     
                      00114     
                      00115     
                      00116     
0034                  00117 check_b: 
                      00118     
0034   0806           00119     MOVFW   PORTB           ;0～7までのスイッチの入力を取ってくる
0035   00AC           00120     MOVWF   now_b
0036   0627           00121     XORWF   old_b,w         ;一個昔の値とXORすることで変わったかを判定
0037   1903           00122     BTFSC   STATUS,Z        ;変わってなかったらdのチェックに移る
0038   0008           00123     RETURN
0039   00A2           00124     MOVWF   tmp_xor
003A   052C           00125     ANDWF   now_b,w         ;押したときか離したときか判定
003B   1D03           00126     BTFSS   STATUS,Z        ;離した時だった場合dのチェックに移る
003C   0008           00127     RETURN      
                      00128     
                      00129     ;押したとき
003D   2???           00130     CALL    check_inpnum    ;0001 0000ー＞4
003E   3030           00131     MOVLW   0x30
003F   0425           00132     IORWF   num_count,w
                      00133     ;MOVFW   num_count      ;inp_numに移動
0040   00A3           00134     MOVWF   inp_num
0041   2???           00135     CALL    send_ASCII
0042   0008           00136     RETURN
                      00137     
                      00138     
MPASM 5.87                          MAIN.ASM   12-7-2024  22:12:03         PAGE  4


LOC  OBJECT CODE     LINE SOURCE TEXT
  VALUE

0043                  00139 check_d:
0043   0008           00140     RETURN
                      00141     
                      00142 ;tmp_xorに入れてここにとばす
                      00143 ;返り値　num_count
0044                  00144 check_inpnum:
                      00145     
0044   01A5           00146     CLRF   num_count    ;カウントリセット
                      00147     
0045                  00148 check_inpnum_loop:
0045   1822           00149     BTFSC   tmp_xor,0       ;0ビット目が0だったら次スキップ
0046   0008           00150     RETURN
Message[305]: Using default destination of 1 (file).
0047   0CA2           00151     RRF     tmp_xor         ;右シフト
0048   0AA5           00152     INCF    num_count,f     ;カウントをインクリメントしてループ
0049   2???           00153     GOTO    check_inpnum_loop
                      00154     
                      00155     
004A                  00156 mov_old:
004A   082B           00157     MOVFW   now_a
004B   00A6           00158     MOVWF   old_a
004C   082C           00159     MOVFW   now_b
004D   00A7           00160     MOVWF   old_b
004E   082D           00161     MOVFW   now_c
004F   00A8           00162     MOVWF   old_c
0050   082E           00163     MOVFW   now_d
0051   00A9           00164     MOVWF   old_d
0052   0008           00165     RETURN
                      00166 
                      00167 ;wレジスタに値をいれてここに飛ばす
0053                  00168 send_ASCII:
0053   1283 1303      00169     banksel TXREG
                      00170     
0055                  00171 send_wait:
0055   1E0C           00172     BTFSS   PIR1,TXIF
0056   2???           00173     GOTO    send_wait
0057   0099           00174     MOVWF   TXREG
0058   0008           00175     RETURN
                      00176     
Warning[205]: Found directive in column 1. (END)
27C4 3FFF             00177 END
MPASM 5.87                          MAIN.ASM   12-7-2024  22:12:03         PAGE  5


SYMBOL TABLE
  LABEL                             VALUE 

ABDEN                             00000000
ABDOVF                            00000007
ACKDT                             00000005
ACKEN                             00000004
ACKSTAT                           00000006
ADCON0                            0000001F
ADCON1                            0000009F
ADCS0                             00000006
ADCS1                             00000007
ADDEN                             00000003
ADFM                              00000007
ADIE                              00000006
ADIF                              00000006
ADON                              00000000
ADRESH                            0000001E
ADRESL                            0000009E
ANS0                              00000000
ANS1                              00000001
ANS10                             00000002
ANS11                             00000003
ANS12                             00000004
ANS13                             00000005
ANS2                              00000002
ANS3                              00000003
ANS4                              00000004
ANS5                              00000005
ANS6                              00000006
ANS7                              00000007
ANS8                              00000000
ANS9                              00000001
ANSEL                             00000188
ANSELH                            00000189
BAUDCTL                           00000187
BCLIE                             00000003
BCLIF                             00000003
BF                                00000000
BRG0                              00000000
BRG1                              00000001
BRG10                             00000002
BRG11                             00000003
BRG12                             00000004
BRG13                             00000005
BRG14                             00000006
BRG15                             00000007
BRG16                             00000003
BRG2                              00000002
BRG3                              00000003
BRG4                              00000004
BRG5                              00000005
BRG6                              00000006
BRG7                              00000007
BRG8                              00000000
BRG9                              00000001
MPASM 5.87                          MAIN.ASM   12-7-2024  22:12:03         PAGE  6


SYMBOL TABLE
  LABEL                             VALUE 

BRGH                              00000002
C                                 00000000
C1CH0                             00000000
C1CH1                             00000001
C1IE                              00000005
C1IF                              00000005
C1OE                              00000005
C1ON                              00000007
C1OUT                             00000006
C1POL                             00000004
C1R                               00000002
C1RSEL                            00000005
C1SEN                             00000005
C2CH0                             00000000
C2CH1                             00000001
C2IE                              00000006
C2IF                              00000006
C2OE                              00000005
C2ON                              00000007
C2OUT                             00000006
C2POL                             00000004
C2R                               00000002
C2REN                             00000004
C2RSEL                            00000004
C2SYNC                            00000000
CCP1CON                           00000017
CCP1IE                            00000002
CCP1IF                            00000002
CCP1M0                            00000000
CCP1M1                            00000001
CCP1M2                            00000002
CCP1M3                            00000003
CCP1X                             00000005
CCP1Y                             00000004
CCP2CON                           0000001D
CCP2IE                            00000000
CCP2IF                            00000000
CCP2M0                            00000000
CCP2M1                            00000001
CCP2M2                            00000002
CCP2M3                            00000003
CCP2X                             00000005
CCP2Y                             00000004
CCPR1                             00000015
CCPR1H                            00000016
CCPR1L                            00000015
CCPR2                             0000001B
CCPR2H                            0000001C
CCPR2L                            0000001B
CHS0                              00000002
CHS1                              00000003
CHS2                              00000004
CHS3                              00000005
MPASM 5.87                          MAIN.ASM   12-7-2024  22:12:03         PAGE  7


SYMBOL TABLE
  LABEL                             VALUE 

CKE                               00000006
CKP                               00000004
CM1CON0                           00000107
CM2CON0                           00000108
CM2CON1                           00000109
CREN                              00000004
CSRC                              00000007
D                                 00000005
DATA_ADDRESS                      00000005
DC                                00000001
DC1B0                             00000004
DC1B1                             00000005
DC2B0                             00000004
DC2B1                             00000005
D_A                               00000005
D_NOT_A                           00000005
ECCPAS                            0000009C
ECCPAS0                           00000004
ECCPAS1                           00000005
ECCPAS2                           00000006
ECCPASE                           00000007
EEADR                             0000010D
EEADRH                            0000010F
EECON1                            0000018C
EECON2                            0000018D
EEDAT                             0000010C
EEDATA                            0000010C
EEDATH                            0000010E
EEIE                              00000004
EEIF                              00000004
EEPGD                             00000007
F                                 00000001
FERR                              00000002
FSR                               00000004
FVREN                             00000000
GCEN                              00000007
GIE                               00000007
GO                                00000001
GO_DONE                           00000001
GO_NOT_DONE                       00000001
HTS                               00000002
I2C_DATA                          00000005
I2C_READ                          00000002
I2C_START                         00000003
I2C_STOP                          00000004
INDF                              00000000
INTCON                            0000000B
INTE                              00000004
INTEDG                            00000006
INTF                              00000001
IOCB                              00000096
IOCB0                             00000000
IOCB1                             00000001
MPASM 5.87                          MAIN.ASM   12-7-2024  22:12:03         PAGE  8


SYMBOL TABLE
  LABEL                             VALUE 

IOCB2                             00000002
IOCB3                             00000003
IOCB4                             00000004
IOCB5                             00000005
IOCB6                             00000006
IOCB7                             00000007
IRCF0                             00000004
IRCF1                             00000005
IRCF2                             00000006
IRP                               00000007
LTS                               00000001
MC1OUT                            00000007
MC2OUT                            00000006
MSK                               00000093
MSK0                              00000000
MSK1                              00000001
MSK2                              00000002
MSK3                              00000003
MSK4                              00000004
MSK5                              00000005
MSK6                              00000006
MSK7                              00000007
NOT_A                             00000005
NOT_ADDRESS                       00000005
NOT_BO                            00000000
NOT_BOR                           00000000
NOT_DONE                          00000001
NOT_PD                            00000003
NOT_POR                           00000001
NOT_RBPU                          00000007
NOT_RC8                           00000006
NOT_T1SYNC                        00000002
NOT_TO                            00000004
NOT_TX8                           00000006
NOT_W                             00000002
NOT_WRITE                         00000002
OERR                              00000001
OPTION_REG                        00000081
OSCCON                            0000008F
OSCTUNE                           00000090
OSFIE                             00000007
OSFIF                             00000007
OSTS                              00000003
P                                 00000004
P1M0                              00000006
P1M1                              00000007
PCL                               00000002
PCLATH                            0000000A
PCON                              0000008E
PDC0                              00000000
PDC1                              00000001
PDC2                              00000002
PDC3                              00000003
MPASM 5.87                          MAIN.ASM   12-7-2024  22:12:03         PAGE  9


SYMBOL TABLE
  LABEL                             VALUE 

PDC4                              00000004
PDC5                              00000005
PDC6                              00000006
PEIE                              00000006
PEN                               00000002
PIE1                              0000008C
PIE2                              0000008D
PIR1                              0000000C
PIR2                              0000000D
PORTA                             00000005
PORTB                             00000006
PORTC                             00000007
PORTD                             00000008
PORTE                             00000009
PR2                               00000092
PRSEN                             00000007
PS0                               00000000
PS1                               00000001
PS2                               00000002
PSA                               00000003
PSSAC0                            00000002
PSSAC1                            00000003
PSSBD0                            00000000
PSSBD1                            00000001
PSTRCON                           0000009D
PULSR                             00000002
PULSS                             00000003
PWM1CON                           0000009B
R                                 00000002
RA0                               00000000
RA1                               00000001
RA2                               00000002
RA3                               00000003
RA4                               00000004
RA5                               00000005
RA6                               00000006
RA7                               00000007
RB0                               00000000
RB1                               00000001
RB2                               00000002
RB3                               00000003
RB4                               00000004
RB5                               00000005
RB6                               00000006
RB7                               00000007
RBIE                              00000003
RBIF                              00000000
RC0                               00000000
RC1                               00000001
RC2                               00000002
RC3                               00000003
RC4                               00000004
RC5                               00000005
MPASM 5.87                          MAIN.ASM   12-7-2024  22:12:03         PAGE 10


SYMBOL TABLE
  LABEL                             VALUE 

RC6                               00000006
RC7                               00000007
RC8_9                             00000006
RC9                               00000006
RCD8                              00000000
RCEN                              00000003
RCIDL                             00000006
RCIE                              00000005
RCIF                              00000005
RCREG                             0000001A
RCSTA                             00000018
RD                                00000000
RD0                               00000000
RD1                               00000001
RD2                               00000002
RD3                               00000003
RD4                               00000004
RD5                               00000005
RD6                               00000006
RD7                               00000007
RE0                               00000000
RE1                               00000001
RE2                               00000002
RE3                               00000003
READ_WRITE                        00000002
RP0                               00000005
RP1                               00000006
RSEN                              00000001
RX9                               00000006
RX9D                              00000000
R_NOT_W                           00000002
R_W                               00000002
S                                 00000003
SBOREN                            00000004
SCKP                              00000004
SCS                               00000000
SEN                               00000000
SENDB                             00000003
SMP                               00000007
SPBRG                             00000099
SPBRGH                            0000009A
SPEN                              00000007
SR0                               00000006
SR1                               00000007
SRCON                             00000185
SREN                              00000005
SSPADD                            00000093
SSPBUF                            00000013
SSPCON                            00000014
SSPCON2                           00000091
SSPEN                             00000005
SSPIE                             00000003
SSPIF                             00000003
MPASM 5.87                          MAIN.ASM   12-7-2024  22:12:03         PAGE 11


SYMBOL TABLE
  LABEL                             VALUE 

SSPM0                             00000000
SSPM1                             00000001
SSPM2                             00000002
SSPM3                             00000003
SSPMSK                            00000093
SSPOV                             00000006
SSPSTAT                           00000094
START                             00000000
STATUS                            00000003
STRA                              00000000
STRB                              00000001
STRC                              00000002
STRD                              00000003
STRSYNC                           00000004
SWDTEN                            00000000
SYNC                              00000004
T0CS                              00000005
T0IE                              00000005
T0IF                              00000002
T0SE                              00000004
T1CKPS0                           00000004
T1CKPS1                           00000005
T1CON                             00000010
T1GINV                            00000007
T1GIV                             00000007
T1GSS                             00000001
T1INSYNC                          00000002
T1OSCEN                           00000003
T1SYNC                            00000002
T2CKPS0                           00000000
T2CKPS1                           00000001
T2CON                             00000012
TMR0                              00000001
TMR0IE                            00000005
TMR0IF                            00000002
TMR1                              0000000E
TMR1CS                            00000001
TMR1GE                            00000006
TMR1H                             0000000F
TMR1IE                            00000000
TMR1IF                            00000000
TMR1L                             0000000E
TMR1ON                            00000000
TMR2                              00000011
TMR2IE                            00000001
TMR2IF                            00000001
TMR2ON                            00000002
TOUTPS0                           00000003
TOUTPS1                           00000004
TOUTPS2                           00000005
TOUTPS3                           00000006
TRISA                             00000085
TRISA0                            00000000
MPASM 5.87                          MAIN.ASM   12-7-2024  22:12:03         PAGE 12


SYMBOL TABLE
  LABEL                             VALUE 

TRISA1                            00000001
TRISA2                            00000002
TRISA3                            00000003
TRISA4                            00000004
TRISA5                            00000005
TRISA6                            00000006
TRISA7                            00000007
TRISB                             00000086
TRISB0                            00000000
TRISB1                            00000001
TRISB2                            00000002
TRISB3                            00000003
TRISB4                            00000004
TRISB5                            00000005
TRISB6                            00000006
TRISB7                            00000007
TRISC                             00000087
TRISC0                            00000000
TRISC1                            00000001
TRISC2                            00000002
TRISC3                            00000003
TRISC4                            00000004
TRISC5                            00000005
TRISC6                            00000006
TRISC7                            00000007
TRISD                             00000088
TRISD0                            00000000
TRISD1                            00000001
TRISD2                            00000002
TRISD3                            00000003
TRISD4                            00000004
TRISD5                            00000005
TRISD6                            00000006
TRISD7                            00000007
TRISE                             00000089
TRISE0                            00000000
TRISE1                            00000001
TRISE2                            00000002
TRISE3                            00000003
TRMT                              00000001
TUN0                              00000000
TUN1                              00000001
TUN2                              00000002
TUN3                              00000003
TUN4                              00000004
TX8_9                             00000006
TX9                               00000006
TX9D                              00000000
TXD8                              00000000
TXEN                              00000005
TXIE                              00000004
TXIF                              00000004
TXREG                             00000019
MPASM 5.87                          MAIN.ASM   12-7-2024  22:12:03         PAGE 13


SYMBOL TABLE
  LABEL                             VALUE 

TXSTA                             00000098
UA                                00000001
ULPWUE                            00000005
ULPWUIE                           00000002
ULPWUIF                           00000002
VCFG0                             00000004
VCFG1                             00000005
VR0                               00000000
VR1                               00000001
VR2                               00000002
VR3                               00000003
VRCON                             00000097
VREN                              00000007
VROE                              00000006
VRR                               00000005
VRSS                              00000004
W                                 00000000
WCOL                              00000007
WDTCON                            00000105
WDTPS0                            00000001
WDTPS1                            00000002
WDTPS2                            00000003
WDTPS3                            00000004
WPUB                              00000095
WPUB0                             00000000
WPUB1                             00000001
WPUB2                             00000002
WPUB3                             00000003
WPUB4                             00000004
WPUB5                             00000005
WPUB6                             00000006
WPUB7                             00000007
WR                                00000001
WREN                              00000002
WRERR                             00000003
WUE                               00000001
Z                                 00000002
_BOR21V                           00003EFF
_BOR40V                           00003FFF
_BOR4V_BOR21V                     00003EFF
_BOR4V_BOR40V                     00003FFF
_BOREN_NSLEEP                     00003EFF
_BOREN_OFF                        00003CFF
_BOREN_ON                         00003FFF
_BOREN_SBODEN                     00003DFF
_BOR_NSLEEP                       00003EFF
_BOR_OFF                          00003CFF
_BOR_ON                           00003FFF
_BOR_SBODEN                       00003DFF
_CONFIG1                          00002007
_CONFIG2                          00002008
_CPD_OFF                          00003FFF
_CPD_ON                           00003F7F
MPASM 5.87                          MAIN.ASM   12-7-2024  22:12:03         PAGE 14


SYMBOL TABLE
  LABEL                             VALUE 

_CP_OFF                           00003FFF
_CP_ON                            00003FBF
_DEBUG_OFF                        00003FFF
_DEBUG_ON                         00001FFF
_DEVID1                           00002006
_EC_OSC                           00003FFB
_EXTRC                            00003FFF
_EXTRCIO                          00003FFE
_EXTRC_OSC_CLKOUT                 00003FFF
_EXTRC_OSC_NOCLKOUT               00003FFE
_FCMEN_OFF                        000037FF
_FCMEN_ON                         00003FFF
_FOSC_EC                          00003FFB
_FOSC_EXTRC_CLKOUT                00003FFF
_FOSC_EXTRC_NOCLKOUT              00003FFE
_FOSC_HS                          00003FFA
_FOSC_INTRC_CLKOUT                00003FFD
_FOSC_INTRC_NOCLKOUT              00003FFC
_FOSC_LP                          00003FF8
_FOSC_XT                          00003FF9
_HS_OSC                           00003FFA
_IDLOC0                           00002000
_IDLOC1                           00002001
_IDLOC2                           00002002
_IDLOC3                           00002003
_IESO_OFF                         00003BFF
_IESO_ON                          00003FFF
_INTOSC                           00003FFD
_INTOSCIO                         00003FFC
_INTRC_OSC_CLKOUT                 00003FFD
_INTRC_OSC_NOCLKOUT               00003FFC
_LP_OSC                           00003FF8
_LVP_OFF                          00002FFF
_LVP_ON                           00003FFF
_MCLRE_OFF                        00003FDF
_MCLRE_ON                         00003FFF
_PWRTE_OFF                        00003FFF
_PWRTE_ON                         00003FEF
_WDTE_OFF                         00003FF7
_WDTE_ON                          00003FFF
_WDT_OFF                          00003FF7
_WDT_ON                           00003FFF
_WRT_1FOURTH                      00003BFF
_WRT_256                          00003DFF
_WRT_HALF                         000039FF
_WRT_OFF                          00003FFF
_XT_OSC                           00003FF9
__16F887                          00000001
__DEBUG                           
__MPLAB_DEBUGGER_SIMULATOR        1
check_b                           00000034
check_d                           00000043
check_inpnum                      00000044
MPASM 5.87                          MAIN.ASM   12-7-2024  22:12:03         PAGE 15


SYMBOL TABLE
  LABEL                             VALUE 

check_inpnum_loop                 00000045
inp_func                          00000024
inp_num                           00000023
main_loop                         00000030
mov_old                           0000004A
now_a                             0000002B
now_b                             0000002C
now_c                             0000002D
now_d                             0000002E
now_e                             0000002F
num_count                         00000025
old_a                             00000026
old_b                             00000027
old_c                             00000028
old_d                             00000029
old_e                             0000002A
send_ASCII                        00000053
send_wait                         00000055
setup                             00000000
status_tmp                        00000021
tmp_xor                           00000022
w_tmp                             00000020

Errors   :     0
Warnings :     1 reported,     0 suppressed
Messages :    11 reported,     0 suppressed

